0 info it worked if it ends with ok
1 verbose cli [ '/usr/local/bin/node', '/usr/local/bin/npm', 'run', 'e2e' ]
2 info using npm@1.2.11
3 info using node@v0.8.20
4 verbose read json /home/dima/CloneGIT/Type/SMSC/modules/admin/package.json
5 warn package.json smsc-admin@0.0.1 scripts['server'] should probably be scripts['start']
6 verbose run-script [ 'pree2e', 'e2e', 'poste2e' ]
7 info pree2e smsc-admin@0.0.1
8 verbose unsafe-perm in lifecycle true
9 silly exec sh "-c" "npm run webdriver:update -- --standalone"
10 silly sh,-c,npm run webdriver:update -- --standalone,/home/dima/CloneGIT/Type/SMSC/modules/admin spawning
11 info smsc-admin@0.0.1 Failed to exec pree2e script
12 error smsc-admin@0.0.1 pree2e: `npm run webdriver:update -- --standalone`
12 error `sh "-c" "npm run webdriver:update -- --standalone"` failed with 34
13 error Failed at the smsc-admin@0.0.1 pree2e script.
13 error This is most likely a problem with the smsc-admin package,
13 error not with npm itself.
13 error Tell the author that this fails on your system:
13 error     npm run webdriver:update -- --standalone
13 error You can get their info via:
13 error     npm owner ls smsc-admin
13 error There is likely additional logging output above.
14 error System Linux 4.2.0-35-generic
15 error command "/usr/local/bin/node" "/usr/local/bin/npm" "run" "e2e"
16 error cwd /home/dima/CloneGIT/Type/SMSC/modules/admin
17 error node -v v0.8.20
18 error npm -v 1.2.11
19 error code ELIFECYCLE
20 verbose exit [ 1, true ]
